2025-03-07 11:59:22,292 - INFO - Starting job scraping for both portals
2025-03-07 11:59:22,294 - INFO - Cleaned up 0 old jobs from database
2025-03-07 11:59:22,295 - INFO - ====== WebDriver manager ======
2025-03-07 11:59:23,843 - INFO - Get LATEST chromedriver version for google-chrome
2025-03-07 11:59:24,432 - INFO - Get LATEST chromedriver version for google-chrome
2025-03-07 11:59:25,200 - INFO - Driver [C:\Users\shyam\.wdm\drivers\chromedriver\win64\133.0.6943.141\chromedriver-win32/chromedriver.exe] found in cache
2025-03-07 11:59:26,584 - INFO - Scraping Naukri page 1 - URL: https://www.naukri.com/jobs-in-india
2025-03-07 11:59:33,887 - INFO - Added Naukri job: Customer Service Executive - Up To 32k: Excellent- English Required YT from Accenture
2025-03-07 11:59:33,889 - INFO - Added Naukri job: GET / Assistant Manager-Electrical Maintenance from DMart
2025-03-07 11:59:33,890 - INFO - Added Naukri job: Branch Manager from Muthoottu Mini Financiers
2025-03-07 11:59:33,892 - INFO - Added Naukri job: GN-Industrial-Railway Management-Consultant from Accenture
2025-03-07 11:59:33,893 - INFO - Added Naukri job: GN - Industry - Utility German Bilingual from Accenture
2025-03-07 11:59:33,893 - INFO - Added Naukri job: OFSAA Functional Consultant from Oracle
2025-03-07 11:59:33,894 - INFO - Added Naukri job: Azure Cloud Architect from Hexaware Technologies
2025-03-07 11:59:33,895 - INFO - Added Naukri job: S&C Global Network - AI - Life Sciences -Data Science Consultant from Accenture
2025-03-07 11:59:33,896 - INFO - Added Naukri job: Manager-Plant HR Business Partner (Leading MNC Manufacturing Co) from Vertex Corporate
2025-03-07 11:59:33,897 - INFO - Added Naukri job: GN-Strategy-Sustainability Strategy- Consultant from Accenture
2025-03-07 11:59:33,897 - INFO - Added Naukri job: Delivery Leader from Capgemini
2025-03-07 11:59:33,898 - INFO - Added Naukri job: Sap Sd Consultant from Infosys
2025-03-07 11:59:33,902 - INFO - Added Naukri job: S&C Global Network - AI - Life Sciences -Data Science Consultant from Accenture
2025-03-07 11:59:33,903 - INFO - Added Naukri job: Data Scientist/Senior Data Scientist - NLP GenAi from Fractal Analytics
2025-03-07 11:59:33,904 - INFO - Added Naukri job: MS Architect (Dot Net) from Hexaware Technologies
2025-03-07 11:59:33,905 - INFO - Added Naukri job: Oracle Fusion SCM Functional Lead from Oracle
2025-03-07 11:59:33,912 - INFO - Added Naukri job: S&C GN - T&O - Media Design - Consultant from Accenture
2025-03-07 11:59:33,917 - INFO - Added Naukri job: S&C GN - T&O - Change Management -Consultant from Accenture
2025-03-07 11:59:33,919 - INFO - Added Naukri job: S&C GN - T&O - Comms Media - Consultant from Accenture
2025-03-07 11:59:33,922 - INFO - Added Naukri job: GN -Industry Utility Enterprise Architect Manager from Accenture
2025-03-07 11:59:34,922 - INFO - Scraping Naukri page 2 - URL: https://www.naukri.com/jobs-in-india?page=2
2025-03-07 11:59:41,596 - INFO - Added Naukri job: Customer Service Executive - Up To 32k: Excellent- English Required YT from Accenture
2025-03-07 11:59:41,598 - INFO - Added Naukri job: GET / Assistant Manager-Electrical Maintenance from DMart
2025-03-07 11:59:41,599 - INFO - Added Naukri job: Branch Manager from Muthoottu Mini Financiers
2025-03-07 11:59:41,600 - INFO - Added Naukri job: GN-Industrial-Railway Management-Consultant from Accenture
2025-03-07 11:59:41,601 - INFO - Added Naukri job: GN - Industry - Utility German Bilingual from Accenture
2025-03-07 11:59:41,603 - INFO - Added Naukri job: OFSAA Functional Consultant from Oracle
2025-03-07 11:59:41,606 - INFO - Added Naukri job: Azure Cloud Architect from Hexaware Technologies
2025-03-07 11:59:41,624 - INFO - Added Naukri job: S&C Global Network - AI - Life Sciences -Data Science Consultant from Accenture
2025-03-07 11:59:41,626 - INFO - Added Naukri job: Manager-Plant HR Business Partner (Leading MNC Manufacturing Co) from Vertex Corporate
2025-03-07 11:59:41,627 - INFO - Added Naukri job: GN-Strategy-Sustainability Strategy- Consultant from Accenture
2025-03-07 11:59:41,629 - INFO - Added Naukri job: Delivery Leader from Capgemini
2025-03-07 11:59:41,631 - INFO - Added Naukri job: Sap Sd Consultant from Infosys
2025-03-07 11:59:41,633 - INFO - Added Naukri job: S&C Global Network - AI - Life Sciences -Data Science Consultant from Accenture
2025-03-07 11:59:41,634 - INFO - Added Naukri job: Data Scientist/Senior Data Scientist - NLP GenAi from Fractal Analytics
2025-03-07 11:59:41,636 - INFO - Added Naukri job: MS Architect (Dot Net) from Hexaware Technologies
2025-03-07 11:59:41,640 - INFO - Added Naukri job: Oracle Fusion SCM Functional Lead from Oracle
2025-03-07 11:59:41,641 - INFO - Added Naukri job: S&C GN - T&O - Media Design - Consultant from Accenture
2025-03-07 11:59:41,642 - INFO - Added Naukri job: S&C GN - T&O - Change Management -Consultant from Accenture
2025-03-07 11:59:41,643 - INFO - Added Naukri job: S&C GN - T&O - Comms Media - Consultant from Accenture
2025-03-07 11:59:41,644 - INFO - Added Naukri job: GN -Industry Utility Enterprise Architect Manager from Accenture
2025-03-07 11:59:42,649 - INFO - Scraping Naukri page 3 - URL: https://www.naukri.com/jobs-in-india?page=3
2025-03-07 11:59:49,398 - INFO - Added Naukri job: Customer Service Executive - Up To 32k: Excellent- English Required YT from Accenture
2025-03-07 11:59:49,400 - INFO - Added Naukri job: GET / Assistant Manager-Electrical Maintenance from DMart
2025-03-07 11:59:49,401 - INFO - Added Naukri job: Branch Manager from Muthoottu Mini Financiers
2025-03-07 11:59:49,402 - INFO - Added Naukri job: GN-Industrial-Railway Management-Consultant from Accenture
2025-03-07 11:59:49,405 - INFO - Added Naukri job: GN - Industry - Utility German Bilingual from Accenture
2025-03-07 11:59:49,407 - INFO - Added Naukri job: OFSAA Functional Consultant from Oracle
2025-03-07 11:59:49,411 - INFO - Added Naukri job: Azure Cloud Architect from Hexaware Technologies
2025-03-07 11:59:49,419 - INFO - Added Naukri job: S&C Global Network - AI - Life Sciences -Data Science Consultant from Accenture
2025-03-07 11:59:49,422 - INFO - Added Naukri job: Manager-Plant HR Business Partner (Leading MNC Manufacturing Co) from Vertex Corporate
2025-03-07 11:59:49,423 - INFO - Added Naukri job: GN-Strategy-Sustainability Strategy- Consultant from Accenture
2025-03-07 11:59:49,427 - INFO - Scraped and stored 50 Naukri jobs
2025-03-07 11:59:51,938 - INFO - Completed scraping for both LinkedIn and Naukri in 29.65 seconds
